<?xml version="1.0" encoding="UTF-8"?>
<!-- Generated by org.testng.reporters.JUnitXMLReporter -->
<testsuite hostname="CAP-LAP-719" ignored="2" name="Test" tests="2" failures="0" timestamp="18 Sep 2018 06:37:07 GMT" time="0.174" errors="0">
  <testcase name="logout" time="0.04" classname="Test.Day1"/>
  <testcase name="logout" time="0.008" classname="Test.Day2"/>
  <testcase name="login" time="0.0" classname="Test.Day2">
    <ignored/>
  </testcase> <!-- login -->
  <testcase name="login" time="0.0" classname="Test.Day1">
    <ignored/>
  </testcase> <!-- login -->
</testsuite> <!-- Test -->
